Send message {Progress, MessagePack, 4 bytes}
Send message {IgnoredNodes, MessagePack, 180860 bytes}
Send message {NodeScanStatus, MessagePack, 71 bytes}
Send message {NodeScanStatus, MessagePack, 103 bytes}
Send message {NodeScanStatus, MessagePack, 104 bytes}
Send message {NodeScanStatus, MessagePack, 80 bytes}
Send message {NodeScanStatus, MessagePack, 103 bytes}
Send message {NodeScanStatus, MessagePack, 122 bytes}
Send message {NodeScanStatus, MessagePack, 87 bytes}
Send message {NodeScanStatus, MessagePack, 68 bytes}
Send message {NodeScanStatus, MessagePack, 126 bytes}
Send message {Progress, MessagePack, 4 bytes}
Send message {NodeScanStatus, MessagePack, 68 bytes}
Send message {NodeScanStatus, MessagePack, 83 bytes}
Send message {IssueDetected, MessagePack, 775 bytes}
Send message {IssueDetected, MessagePack, 786 bytes}
Send message {IssueDetected, MessagePack, 789 bytes}
Send message {IssueDetected, MessagePack, 2203 bytes}
Send message {IssueDetected, MessagePack, 394 bytes}
Send message {IssueDetected, MessagePack, 329 bytes}
Send message {IssueDetected, MessagePack, 391 bytes}
Send message {IssueDetected, MessagePack, 360 bytes}
Send message {IssueDetected, MessagePack, 338 bytes}
Send message {IssueDetected, MessagePack, 334 bytes}
Send message {IssueDetected, MessagePack, 344 bytes}
Send message {IssueDetected, MessagePack, 584 bytes}
Send message {IssueDetected, MessagePack, 380 bytes}
Send message {IssueDetected, MessagePack, 346 bytes}
Send message {Progress, MessagePack, 4 bytes}
Send message {Progress, MessagePack, 4 bytes}
Send message {NodeScanStatus, MessagePack, 122 bytes}
Send message {NodeScanStatus, MessagePack, 126 bytes}
Send message {NodeScanStatus, MessagePack, 107 bytes}
Send message {NodeScanStatus, MessagePack, 106 bytes}
Send message {IssueDetected, MessagePack, 451 bytes}
Send message {IssueDetected, MessagePack, 1240 bytes}
Send message {IssueDetected, MessagePack, 2734 bytes}
Send message {IssueDetected, MessagePack, 756 bytes}
Send message {IssueDetected, MessagePack, 974 bytes}
Send message {IssueDetected, MessagePack, 1936 bytes}
Send message {IssueDetected, MessagePack, 2171 bytes}
Send message {IssueDetected, MessagePack, 3951 bytes}
Send message {IssueDetected, MessagePack, 1808 bytes}
Send message {IssueDetected, MessagePack, 2076 bytes}
Send message {IssueDetected, MessagePack, 2311 bytes}
Send message {IssueDetected, MessagePack, 3493 bytes}
Send message {IssueDetected, MessagePack, 3743 bytes}
Send message {IssueDetected, MessagePack, 2173 bytes}
Send message {IssueDetected, MessagePack, 3953 bytes}
Send message {IssueDetected, MessagePack, 2173 bytes}
Send message {IssueDetected, MessagePack, 3953 bytes}
Send message {Progress, MessagePack, 4 bytes}
Send message {NodeScanStatus, MessagePack, 106 bytes}
Send message {NodeScanStatus, MessagePack, 110 bytes}
Send message {IssueDetected, MessagePack, 686 bytes}
Send message {IssueDetected, MessagePack, 685 bytes}
Send message {IssueDetected, MessagePack, 689 bytes}
Send message {IssueDetected, MessagePack, 674 bytes}
Send message {IssueDetected, MessagePack, 1061 bytes}
Send message {IssueDetected, MessagePack, 1061 bytes}
Send message {IssueDetected, MessagePack, 1069 bytes}
Send message {IssueDetected, MessagePack, 1061 bytes}
Send message {IssueDetected, MessagePack, 1061 bytes}
Send message {IssueDetected, MessagePack, 1061 bytes}
Send message {IssueDetected, MessagePack, 1069 bytes}
Send message {IssueDetected, MessagePack, 1061 bytes}
Send message {IssueDetected, MessagePack, 1069 bytes}
Send message {IssueDetected, MessagePack, 1269 bytes}
Send message {IssueDetected, MessagePack, 1269 bytes}
Send message {IssueDetected, MessagePack, 1373 bytes}
Send message {IssueDetected, MessagePack, 706 bytes}
Send message {IssueDetected, MessagePack, 674 bytes}
Send message {IssueDetected, MessagePack, 1267 bytes}
Send message {IssueDetected, MessagePack, 1862 bytes}
Send message {IssueDetected, MessagePack, 864 bytes}
Send message {IssueDetected, MessagePack, 4177 bytes}
Send message {IssueDetected, MessagePack, 3179 bytes}
Send message {IssueDetected, MessagePack, 3014 bytes}
Send message {IssueDetected, MessagePack, 2014 bytes}
Send message {IssueDetected, MessagePack, 1079 bytes}
Send message {IssueDetected, MessagePack, 1672 bytes}
Send message {IssueDetected, MessagePack, 674 bytes}
Send message {IssueDetected, MessagePack, 1809 bytes}
Send message {IssueDetected, MessagePack, 1621 bytes}
Send message {IssueDetected, MessagePack, 675 bytes}
Send message {IssueDetected, MessagePack, 898 bytes}
Send message {IssueDetected, MessagePack, 898 bytes}
Send message {IssueDetected, MessagePack, 710 bytes}
Send message {IssueDetected, MessagePack, 696 bytes}
Send message {IssueDetected, MessagePack, 843 bytes}
Send message {IssueDetected, MessagePack, 703 bytes}
Send message {IssueDetected, MessagePack, 834 bytes}
Send message {IssueDetected, MessagePack, 693 bytes}
Send message {Progress, MessagePack, 4 bytes}
Send message {NodeScanStatus, MessagePack, 110 bytes}
Send message {NodeScanStatus, MessagePack, 103 bytes}
Send message {Progress, MessagePack, 4 bytes}
Send message {NodeScanStatus, MessagePack, 107 bytes}
Send message {NodeScanStatus, MessagePack, 96 bytes}
Send message {Progress, MessagePack, 4 bytes}
Send message {NodeScanStatus, MessagePack, 96 bytes}
Send message {NodeScanStatus, MessagePack, 99 bytes}
Send message {Progress, MessagePack, 4 bytes}
Send message {NodeScanStatus, MessagePack, 99 bytes}
Send message {NodeScanStatus, MessagePack, 92 bytes}
Send message {IssueDetected, MessagePack, 654 bytes}
Send message {Progress, MessagePack, 4 bytes}
Send message {NodeScanStatus, MessagePack, 92 bytes}
Send message {NodeScanStatus, MessagePack, 103 bytes}
Send message {Progress, MessagePack, 4 bytes}
Send message {NodeScanStatus, MessagePack, 103 bytes}
Send message {NodeScanStatus, MessagePack, 96 bytes}
Send message {Progress, MessagePack, 4 bytes}
Send message {NodeScanStatus, MessagePack, 96 bytes}
Send message {IssueDetected, MessagePack, 1129 bytes}
Send message {IssueDetected, MessagePack, 713 bytes}
Send message {IssueDetected, MessagePack, 713 bytes}
Send message {IssueDetected, MessagePack, 713 bytes}
Send message {IssueDetected, MessagePack, 974 bytes}
Send message {IssueDetected, MessagePack, 1209 bytes}
Send message {IssueDetected, MessagePack, 1212 bytes}
Send message {IssueDetected, MessagePack, 972 bytes}
Send message {IssueDetected, MessagePack, 973 bytes}
Send message {IssueDetected, MessagePack, 1212 bytes}
Send message {IssueDetected, MessagePack, 972 bytes}
Send message {IssueDetected, MessagePack, 1212 bytes}
Send message {IssueDetected, MessagePack, 972 bytes}
Send message {IssueDetected, MessagePack, 736 bytes}
Send message {IssueDetected, MessagePack, 736 bytes}
Send message {IssueDetected, MessagePack, 976 bytes}
Send message {IssueDetected, MessagePack, 736 bytes}
Send message {IssueDetected, MessagePack, 740 bytes}
Send message {IssueDetected, MessagePack, 974 bytes}
Send message {IssueDetected, MessagePack, 737 bytes}
Send message {IssueDetected, MessagePack, 976 bytes}
Send message {IssueDetected, MessagePack, 737 bytes}
Send message {IssueDetected, MessagePack, 737 bytes}
Send message {IssueDetected, MessagePack, 973 bytes}
Send message {IssueDetected, MessagePack, 973 bytes}
Send message {IssueDetected, MessagePack, 1209 bytes}
Send message {IssueDetected, MessagePack, 1209 bytes}
Send message {IssueDetected, MessagePack, 974 bytes}
Send message {IssueDetected, MessagePack, 737 bytes}
Send message {IssueDetected, MessagePack, 737 bytes}
Send message {IssueDetected, MessagePack, 736 bytes}
Send message {IssueDetected, MessagePack, 738 bytes}
Send message {IssueDetected, MessagePack, 738 bytes}
Send message {IssueDetected, MessagePack, 973 bytes}
Send message {IssueDetected, MessagePack, 737 bytes}
Send message {IssueDetected, MessagePack, 737 bytes}
Send message {IssueDetected, MessagePack, 738 bytes}
Send message {IssueDetected, MessagePack, 738 bytes}
Send message {IssueDetected, MessagePack, 738 bytes}
Send message {IssueDetected, MessagePack, 738 bytes}
Send message {IssueDetected, MessagePack, 738 bytes}
Send message {IssueDetected, MessagePack, 1209 bytes}
Send message {IssueDetected, MessagePack, 1209 bytes}
Send message {IssueDetected, MessagePack, 1209 bytes}
Send message {IssueDetected, MessagePack, 1209 bytes}
Send message {IssueDetected, MessagePack, 1209 bytes}
Send message {IssueDetected, MessagePack, 1209 bytes}
Send message {IssueDetected, MessagePack, 1209 bytes}
Send message {IssueDetected, MessagePack, 1209 bytes}
Send message {IssueDetected, MessagePack, 1209 bytes}
Send message {IssueDetected, MessagePack, 1209 bytes}
Send message {IssueDetected, MessagePack, 1209 bytes}
Send message {IssueDetected, MessagePack, 1209 bytes}
Send message {IssueDetected, MessagePack, 738 bytes}
Send message {IssueDetected, MessagePack, 1209 bytes}
Send message {IssueDetected, MessagePack, 737 bytes}
Send message {IssueDetected, MessagePack, 732 bytes}
Send message {IssueDetected, MessagePack, 1209 bytes}
Send message {IssueDetected, MessagePack, 973 bytes}
Send message {IssueDetected, MessagePack, 974 bytes}
Send message {IssueDetected, MessagePack, 973 bytes}
Send message {IssueDetected, MessagePack, 1295 bytes}
Send message {IssueDetected, MessagePack, 2911 bytes}
Send message {IssueDetected, MessagePack, 763 bytes}
Send message {IssueDetected, MessagePack, 1027 bytes}
Send message {IssueDetected, MessagePack, 4375 bytes}
Send message {IssueDetected, MessagePack, 4375 bytes}
Send message {IssueDetected, MessagePack, 4375 bytes}
Send message {IssueDetected, MessagePack, 4386 bytes}
Send message {IssueDetected, MessagePack, 4139 bytes}
Send message {IssueDetected, MessagePack, 2246 bytes}
Send message {IssueDetected, MessagePack, 3118 bytes}
Send message {IssueDetected, MessagePack, 4571 bytes}
Send message {IssueDetected, MessagePack, 2389 bytes}
Send message {IssueDetected, MessagePack, 4375 bytes}
Send message {IssueDetected, MessagePack, 4375 bytes}
Send message {IssueDetected, MessagePack, 4375 bytes}
Send message {IssueDetected, MessagePack, 4386 bytes}
Send message {IssueDetected, MessagePack, 4139 bytes}
Send message {IssueDetected, MessagePack, 2246 bytes}
Send message {IssueDetected, MessagePack, 3118 bytes}
Send message {IssueDetected, MessagePack, 4571 bytes}
Send message {IssueDetected, MessagePack, 2389 bytes}
Send message {Progress, MessagePack, 4 bytes}
Send message {NodeScanStatus, MessagePack, 103 bytes}
Send message {NodeScanStatus, MessagePack, 100 bytes}
Send message {Progress, MessagePack, 4 bytes}
Send message {NodeScanStatus, MessagePack, 100 bytes}
Send message {IssueDetected, MessagePack, 691 bytes}
Send message {IssueDetected, MessagePack, 1555 bytes}
Send message {IssueDetected, MessagePack, 1367 bytes}
Send message {IssueDetected, MessagePack, 686 bytes}
Send message {IssueDetected, MessagePack, 1564 bytes}
Send message {IssueDetected, MessagePack, 669 bytes}
Send message {IssueDetected, MessagePack, 669 bytes}
Send message {IssueDetected, MessagePack, 810 bytes}
Send message {IssueDetected, MessagePack, 669 bytes}
Send message {IssueDetected, MessagePack, 798 bytes}
Send message {IssueDetected, MessagePack, 668 bytes}
Send message {IssueDetected, MessagePack, 687 bytes}
Send message {IssueDetected, MessagePack, 991 bytes}
Send message {IssueDetected, MessagePack, 2494 bytes}
Send message {IssueDetected, MessagePack, 1080 bytes}
Send message {IssueDetected, MessagePack, 659 bytes}
Send message {IssueDetected, MessagePack, 658 bytes}
Send message {IssueDetected, MessagePack, 2269 bytes}
Send message {IssueDetected, MessagePack, 941 bytes}
Send message {Progress, MessagePack, 4 bytes}
Send message {NodeScanStatus, MessagePack, 83 bytes}
Send message {NodeScanStatus, MessagePack, 87 bytes}
Send message {Progress, MessagePack, 4 bytes}
Send message {ScanDone, ByteArray, 0 bytes}
Elapsed time of the 'Scan' stage: 00:04:24.2047817
Receive message {{Type='Finalize', DataType=ByteArray}, 0 bytes}
Send message {Progress, MessagePack, 4 bytes}
Send message {FinalizeDone, ByteArray, 0 bytes}
Elapsed time of the 'Finalize' stage: 00:00:00.0063383
Core was stopped due to an error
