ParsingException in "/Users/admin/RiderProjects/Pactice1/Practice1/wwwroot/lib/jquery-validation-unobtrusive/jquery.validate.unobtrusive.js": [36,33); Unexpected token ILLEGAL.
ParsingException in "/Users/admin/RiderProjects/Pactice1/Practice1/wwwroot/lib/jquery-validation-unobtrusive/jquery.validate.unobtrusive.min.js": [8,441); Unexpected token ILLEGAL.
ParsingException in "/Users/admin/RiderProjects/Pactice1/Practice1/wwwroot/lib/jquery/dist/jquery.min.js": [2,2573); Unexpected token ILLEGAL.
ParsingException in "/Users/admin/RiderProjects/Pactice1/Practice1/wwwroot/js/site.js": System.ArgumentOutOfRangeException: Specified argument was out of the range of valid values. (Parameter 'end')
   at Esprima.Ast.Range..ctor(Int32 start, Int32 end)
   at Esprima.JavaScriptParser.Finalize[T](MetaNode meta, T node)
   at Esprima.JavaScriptParser.ParseProgram(Boolean strict)
   at PT.PM.JavaScriptParseTreeUst.JavaScriptEsprimaParser.Parse(TextFile sourceFile, TextFile parseUnit, TimeSpan& parseTimeSpan).
ParsingException in "/Users/admin/RiderProjects/Pactice1/Practice1/wwwroot/lib/jquery/dist/jquery.js": [332,61); Unexpected token ILLEGAL.
ParsingException in "/Users/admin/RiderProjects/Pactice1/Practice1/wwwroot/lib/jquery-validation/dist/jquery.validate.min.js": [4,1891); Unexpected token ILLEGAL.
ParsingException in "/Users/admin/RiderProjects/Pactice1/Practice1/wwwroot/lib/jquery-validation/dist/additional-methods.js": [24,64); Unexpected token ILLEGAL.
ParsingException in "/Users/admin/RiderProjects/Pactice1/Practice1/wwwroot/lib/jquery-validation/dist/additional-methods.min.js": [4,281); Unexpected token ILLEGAL.
ParsingException in "/Users/admin/RiderProjects/Pactice1/Practice1/wwwroot/lib/jquery-validation/dist/jquery.validate.js": [182,31); Unexpected token ILLEGAL.
ParsingException in "/Users/admin/RiderProjects/Pactice1/Practice1/wwwroot/lib/bootstrap/dist/js/bootstrap.esm.min.js": [6,1); Unexpected token.
ParsingException in "/Users/admin/RiderProjects/Pactice1/Practice1/wwwroot/lib/bootstrap/dist/js/bootstrap.esm.min.js": [6,15609); Unexpected token .
ParsingException in "/Users/admin/RiderProjects/Pactice1/Practice1/wwwroot/lib/bootstrap/dist/js/bootstrap.esm.min.js": [1,1); ParsingException in "Practice1/wwwroot/lib/bootstrap/dist/js/bootstrap.esm.min.js": [6,15609); Unexpected token .
ParsingException in "/Users/admin/RiderProjects/Pactice1/Practice1/wwwroot/lib/bootstrap/dist/js/bootstrap.esm.js": [6,1); Unexpected token.
ParsingException in "/Users/admin/RiderProjects/Pactice1/Practice1/wwwroot/lib/bootstrap/dist/js/bootstrap.esm.js": [1244,16); Unexpected token .
ParsingException in "/Users/admin/RiderProjects/Pactice1/Practice1/wwwroot/lib/bootstrap/dist/js/bootstrap.esm.js": [1,1); ParsingException in "Practice1/wwwroot/lib/bootstrap/dist/js/bootstrap.esm.js": [1244,16); Unexpected token .
ParsingException in "/Users/admin/RiderProjects/Pactice1/Practice1/wwwroot/lib/bootstrap/dist/js/bootstrap.bundle.js": [1248,18); Unexpected token .
ParsingException in "/Users/admin/RiderProjects/Pactice1/Practice1/wwwroot/lib/bootstrap/dist/js/bootstrap.bundle.js": [1,1); ParsingException in "Practice1/wwwroot/lib/bootstrap/dist/js/bootstrap.bundle.js": [1248,18); Unexpected token .
ParsingException in "/Users/admin/RiderProjects/Pactice1/Practice1/wwwroot/lib/bootstrap/dist/js/bootstrap.js": [1270,18); Unexpected token .
ParsingException in "/Users/admin/RiderProjects/Pactice1/Practice1/wwwroot/lib/bootstrap/dist/js/bootstrap.js": [1,1); ParsingException in "Practice1/wwwroot/lib/bootstrap/dist/js/bootstrap.js": [1270,18); Unexpected token .
ParsingException in "/Users/admin/RiderProjects/Pactice1/Practice1/wwwroot/lib/bootstrap/dist/js/bootstrap.bundle.min.js": [6,11679); Unexpected token .
ParsingException in "/Users/admin/RiderProjects/Pactice1/Practice1/wwwroot/lib/bootstrap/dist/js/bootstrap.bundle.min.js": [1,1); ParsingException in "Practice1/wwwroot/lib/bootstrap/dist/js/bootstrap.bundle.min.js": [6,11679); Unexpected token .
ParsingException in "/Users/admin/RiderProjects/Pactice1/Practice1/wwwroot/lib/bootstrap/dist/js/bootstrap.min.js": [6,12032); Unexpected token .
ParsingException in "/Users/admin/RiderProjects/Pactice1/Practice1/wwwroot/lib/bootstrap/dist/js/bootstrap.min.js": [1,1); ParsingException in "Practice1/wwwroot/lib/bootstrap/dist/js/bootstrap.min.js": [6,12032); Unexpected token .
ParsingException in "/Users/admin/RiderProjects/Pactice1/Practice1/wwwroot/lib/jquery-validation-unobtrusive/jquery.validate.unobtrusive.min.js": [8,441); Unexpected token ILLEGAL.
ParsingException in "/Users/admin/RiderProjects/Pactice1/Practice1/wwwroot/lib/jquery-validation-unobtrusive/jquery.validate.unobtrusive.js": [36,33); Unexpected token ILLEGAL.
ParsingException in "/Users/admin/RiderProjects/Pactice1/Practice1/wwwroot/js/site.js": System.ArgumentOutOfRangeException: Specified argument was out of the range of valid values. (Parameter 'end')
   at Esprima.Ast.Range..ctor(Int32 start, Int32 end)
   at Esprima.JavaScriptParser.Finalize[T](MetaNode meta, T node)
   at Esprima.JavaScriptParser.ParseProgram(Boolean strict)
   at PT.PM.JavaScriptParseTreeUst.JavaScriptEsprimaParser.Parse(TextFile sourceFile, TextFile parseUnit, TimeSpan& parseTimeSpan).
ParsingException in "/Users/admin/RiderProjects/Pactice1/Practice1/wwwroot/lib/jquery/dist/jquery.min.js": [2,2573); Unexpected token ILLEGAL.
ParsingException in "/Users/admin/RiderProjects/Pactice1/Practice1/wwwroot/lib/jquery/dist/jquery.js": [332,61); Unexpected token ILLEGAL.
ParsingException in "/Users/admin/RiderProjects/Pactice1/Practice1/wwwroot/lib/jquery-validation/dist/additional-methods.js": [24,64); Unexpected token ILLEGAL.
ParsingException in "/Users/admin/RiderProjects/Pactice1/Practice1/wwwroot/lib/jquery-validation/dist/jquery.validate.min.js": [4,1891); Unexpected token ILLEGAL.
ParsingException in "/Users/admin/RiderProjects/Pactice1/Practice1/wwwroot/lib/jquery-validation/dist/additional-methods.min.js": [4,281); Unexpected token ILLEGAL.
ParsingException in "/Users/admin/RiderProjects/Pactice1/Practice1/wwwroot/lib/bootstrap/dist/js/bootstrap.esm.js": [6,1); Unexpected token.
ParsingException in "/Users/admin/RiderProjects/Pactice1/Practice1/wwwroot/lib/jquery-validation/dist/jquery.validate.js": [182,31); Unexpected token ILLEGAL.
ParsingException in "/Users/admin/RiderProjects/Pactice1/Practice1/wwwroot/lib/bootstrap/dist/js/bootstrap.esm.js": [1244,16); Unexpected token .
ParsingException in "/Users/admin/RiderProjects/Pactice1/Practice1/wwwroot/lib/bootstrap/dist/js/bootstrap.esm.js": [1,1); ParsingException in "Practice1/wwwroot/lib/bootstrap/dist/js/bootstrap.esm.js": [1244,16); Unexpected token .
ParsingException in "/Users/admin/RiderProjects/Pactice1/Practice1/wwwroot/lib/bootstrap/dist/js/bootstrap.bundle.js": [1248,18); Unexpected token .
ParsingException in "/Users/admin/RiderProjects/Pactice1/Practice1/wwwroot/lib/bootstrap/dist/js/bootstrap.bundle.js": [1,1); ParsingException in "Practice1/wwwroot/lib/bootstrap/dist/js/bootstrap.bundle.js": [1248,18); Unexpected token .
ParsingException in "/Users/admin/RiderProjects/Pactice1/Practice1/wwwroot/lib/bootstrap/dist/js/bootstrap.js": [1270,18); Unexpected token .
ParsingException in "/Users/admin/RiderProjects/Pactice1/Practice1/wwwroot/lib/bootstrap/dist/js/bootstrap.js": [1,1); ParsingException in "Practice1/wwwroot/lib/bootstrap/dist/js/bootstrap.js": [1270,18); Unexpected token .
ParsingException in "/Users/admin/RiderProjects/Pactice1/Practice1/wwwroot/lib/bootstrap/dist/js/bootstrap.bundle.min.js": [6,11679); Unexpected token .
ParsingException in "/Users/admin/RiderProjects/Pactice1/Practice1/wwwroot/lib/bootstrap/dist/js/bootstrap.bundle.min.js": [1,1); ParsingException in "Practice1/wwwroot/lib/bootstrap/dist/js/bootstrap.bundle.min.js": [6,11679); Unexpected token .
ParsingException in "/Users/admin/RiderProjects/Pactice1/Practice1/wwwroot/lib/bootstrap/dist/js/bootstrap.min.js": [6,12032); Unexpected token .
ParsingException in "/Users/admin/RiderProjects/Pactice1/Practice1/wwwroot/lib/bootstrap/dist/js/bootstrap.min.js": [1,1); ParsingException in "Practice1/wwwroot/lib/bootstrap/dist/js/bootstrap.min.js": [6,12032); Unexpected token .
ParsingException in "/Users/admin/RiderProjects/Pactice1/Practice1/wwwroot/lib/bootstrap/dist/js/bootstrap.esm.min.js": [6,1); Unexpected token.
ParsingException in "/Users/admin/RiderProjects/Pactice1/Practice1/wwwroot/lib/bootstrap/dist/js/bootstrap.esm.min.js": [6,15609); Unexpected token .
ParsingException in "/Users/admin/RiderProjects/Pactice1/Practice1/wwwroot/lib/bootstrap/dist/js/bootstrap.esm.min.js": [1,1); ParsingException in "Practice1/wwwroot/lib/bootstrap/dist/js/bootstrap.esm.min.js": [6,15609); Unexpected token .
